<?xml version="1.0" encoding="UTF-8"?>
<testsuite name="Entered about user information" tests="1" skipped="1" failures="0" errors="0" timestamp="2021-09-01T01:37:11" hostname="DESKTOP-21VPI86" time="0.019">
  <properties/>
  <testcase name="Data entered success" classname="Entered about user information" time="0.019">
    <skipped/>
  </testcase>
  <system-out><![CDATA[]]></system-out>
  <system-err><![CDATA[[Test worker] WARN net.thucydides.core.steps.BaseStepListener - stepStarted: net.thucydides.core.steps.ExecutedStepDescription@1d0836d6
[Test worker] INFO net.thucydides.core.steps.ConsoleLoggingListener - TEST PENDING
[Test worker] WARN net.thucydides.core.steps.BaseStepListener - stepStarted: net.thucydides.core.steps.ExecutedStepDescription@1b19418f
[Test worker] WARN net.thucydides.core.steps.BaseStepListener - stepStarted: net.thucydides.core.steps.ExecutedStepDescription@2fbddc18
[Test worker] WARN net.thucydides.core.steps.BaseStepListener - testFinished: Data entered success:Given than Daniel wants to signup on the Utest, When he enters all the fields correctly, Then the platform enable the next step
[Test worker] WARN net.thucydides.core.steps.BaseStepListener - TestOutcomes: [Data entered success:Given than Daniel wants to signup on the Utest, When he enters all the fields correctly, Then the platform enable the next step]
[Test worker] WARN net.thucydides.core.steps.BaseStepListener - Final testOutcomes: [Data entered success:Given than Daniel wants to signup on the Utest, When he enters all the fields correctly, Then the platform enable the next step]
[Test worker] INFO net.thucydides.core.steps.ConsoleLoggingListener - 
          __  _____ _____ ____ _____   ____  _____ _   _ ____ ___ _   _  ____ 
 _       / / |_   _| ____/ ___|_   _| |  _ \| ____| \ | |  _ \_ _| \ | |/ ___|
(_)____ / /    | | |  _| \___ \ | |   | |_) |  _| |  \| | | | | ||  \| | |  _ 
 |_____/ /     | | | |___ ___) || |   |  __/| |___| |\  | |_| | || |\  | |_| |
(_)   /_/      |_| |_____|____/ |_|   |_|   |_____|_| \_|____/___|_| \_|\____|
                                                                                

TEST PENDING: Data entered success
---------------------------------------------------------------------------------
]]></system-err>
</testsuite>
